# JRE version: Java(TM) SE Runtime Environment (21.0.11+9) (build 21.0.11+9-LTS-211)
# Java VM: Java HotSpot(TM) 64-Bit Server VM (21.0.11+9-LTS-211, mixed mode, sharing, tiered, compressed oops, compressed class ptrs, g1 gc, windows-amd64)
GC Precious Log:
 CardTable entry size: 512
 Card Set container configuration: InlinePtr #cards 5 size 8 Array Of Cards #cards 12 size 40 Howl #buckets 4 coarsen threshold 1843 Howl Bitmap #cards 512 size 80 coarsen threshold 460 Card regions per heap region 1 cards per card region 2048
 CPUs: 8 total, 8 available
 Memory: 8023M
 Large Page Support: Disabled
 NUMA Support: Disabled
 Compressed Oops: Enabled (32-bit)
 Heap Region Size: 1M
 Heap Min Capacity: 8M
 Heap Initial Capacity: 126M
 Heap Max Capacity: 2006M
 Pre-touch: Disabled
 Parallel Workers: 8
 Concurrent Workers: 2
 Concurrent Refinement Workers: 8
 Periodic GC: Disabled
Heap:
 garbage-first heap   total 81920K, used 65219K [0x0000000082a00000, 0x0000000100000000)
  region size 1024K, 21 young (21504K), 3 survivors (3072K)
 Metaspace       used 84441K, committed 85248K, reserved 1179648K
  class space    used 11182K, committed 11520K, reserved 1048576K
GC Heap History (20 events):
Event: 70.978 GC heap before
{Heap before GC invocations=13 (full 0):
 garbage-first heap   total 75776K, used 66561K [0x0000000082a00000, 0x0000000100000000)
  region size 1024K, 33 young (33792K), 3 survivors (3072K)
 Metaspace       used 50962K, committed 51648K, reserved 1114112K
  class space    used 6721K, committed 7040K, reserved 1048576K
}
Event: 70.987 GC heap after
{Heap after GC invocations=14 (full 0):
 garbage-first heap   total 75776K, used 37317K [0x0000000082a00000, 0x0000000100000000)
  region size 1024K, 4 young (4096K), 4 survivors (4096K)
 Metaspace       used 50962K, committed 51648K, reserved 1114112K
  class space    used 6721K, committed 7040K, reserved 1048576K
}
Event: 79.517 GC heap before
{Heap before GC invocations=14 (full 0):
 garbage-first heap   total 75776K, used 65989K [0x0000000082a00000, 0x0000000100000000)
  region size 1024K, 32 young (32768K), 4 survivors (4096K)
 Metaspace       used 58571K, committed 59264K, reserved 1114112K
  class space    used 7679K, committed 8000K, reserved 1048576K
}
Event: 79.526 GC heap after
{Heap after GC invocations=15 (full 0):
 garbage-first heap   total 75776K, used 39780K [0x0000000082a00000, 0x0000000100000000)
  region size 1024K, 4 young (4096K), 4 survivors (4096K)
 Metaspace       used 58571K, committed 59264K, reserved 1114112K
  class space    used 7679K, committed 8000K, reserved 1048576K
}
Event: 79.922 GC heap before
{Heap before GC invocations=15 (full 0):
 garbage-first heap   total 75776K, used 44900K [0x0000000082a00000, 0x0000000100000000)
  region size 1024K, 10 young (10240K), 4 survivors (4096K)
 Metaspace       used 59461K, committed 60096K, reserved 1114112K
  class space    used 7768K, committed 8064K, reserved 1048576K
}
Event: 79.926 GC heap after
{Heap after GC invocations=16 (full 0):
 garbage-first heap   total 75776K, used 40415K [0x0000000082a00000, 0x0000000100000000)
  region size 1024K, 1 young (1024K), 1 survivors (1024K)
 Metaspace       used 59461K, committed 60096K, reserved 1114112K
  class space    used 7768K, committed 8064K, reserved 1048576K
}
Event: 83.639 GC heap before
{Heap before GC invocations=17 (full 0):
 garbage-first heap   total 75776K, used 69087K [0x0000000082a00000, 0x0000000100000000)
  region size 1024K, 29 young (29696K), 1 survivors (1024K)
 Metaspace       used 67312K, committed 68032K, reserved 1114112K
  class space    used 8999K, committed 9344K, reserved 1048576K
}
Event: 83.643 GC heap after
{Heap after GC invocations=18 (full 0):
 garbage-first heap   total 75776K, used 41390K [0x0000000082a00000, 0x0000000100000000)
  region size 1024K, 2 young (2048K), 2 survivors (2048K)
 Metaspace       used 67312K, committed 68032K, reserved 1114112K
  class space    used 8999K, committed 9344K, reserved 1048576K
}
Event: 86.719 GC heap before
{Heap before GC invocations=18 (full 0):
 garbage-first heap   total 75776K, used 68014K [0x0000000082a00000, 0x0000000100000000)
  region size 1024K, 28 young (28672K), 2 survivors (2048K)
 Metaspace       used 70306K, committed 71040K, reserved 1114112K
  class space    used 9401K, committed 9728K, reserved 1048576K
}
Event: 86.727 GC heap after
{Heap after GC invocations=19 (full 0):
 garbage-first heap   total 75776K, used 41300K [0x0000000082a00000, 0x0000000100000000)
  region size 1024K, 3 young (3072K), 3 survivors (3072K)
 Metaspace       used 70306K, committed 71040K, reserved 1114112K
  class space    used 9401K, committed 9728K, reserved 1048576K
}
Event: 89.991 GC heap before
{Heap before GC invocations=19 (full 0):
 garbage-first heap   total 75776K, used 65876K [0x0000000082a00000, 0x0000000100000000)
  region size 1024K, 28 young (28672K), 3 survivors (3072K)
 Metaspace       used 74759K, committed 75520K, reserved 1179648K
  class space    used 9974K, committed 10304K, reserved 1048576K
}
Event: 90.001 GC heap after
{Heap after GC invocations=20 (full 0):
 garbage-first heap   total 75776K, used 43069K [0x0000000082a00000, 0x0000000100000000)
  region size 1024K, 4 young (4096K), 4 survivors (4096K)
 Metaspace       used 74759K, committed 75520K, reserved 1179648K
  class space    used 9974K, committed 10304K, reserved 1048576K
}
Event: 91.206 GC heap before
{Heap before GC invocations=21 (full 0):
 garbage-first heap   total 75776K, used 65597K [0x0000000082a00000, 0x0000000100000000)
  region size 1024K, 26 young (26624K), 4 survivors (4096K)
 Metaspace       used 75400K, committed 76096K, reserved 1179648K
  class space    used 10107K, committed 10432K, reserved 1048576K
}
Event: 91.215 GC heap after
{Heap after GC invocations=22 (full 0):
 garbage-first heap   total 75776K, used 44685K [0x0000000082a00000, 0x0000000100000000)
  region size 1024K, 4 young (4096K), 4 survivors (4096K)
 Metaspace       used 75400K, committed 76096K, reserved 1179648K
  class space    used 10107K, committed 10432K, reserved 1048576K
}
Event: 91.960 GC heap before
{Heap before GC invocations=22 (full 0):
 garbage-first heap   total 75776K, used 65165K [0x0000000082a00000, 0x0000000100000000)
  region size 1024K, 24 young (24576K), 4 survivors (4096K)
 Metaspace       used 76368K, committed 77120K, reserved 1179648K
  class space    used 10222K, committed 10560K, reserved 1048576K
}
Event: 91.966 GC heap after
{Heap after GC invocations=23 (full 0):
 garbage-first heap   total 75776K, used 45353K [0x0000000082a00000, 0x0000000100000000)
  region size 1024K, 3 young (3072K), 3 survivors (3072K)
 Metaspace       used 76368K, committed 77120K, reserved 1179648K
  class space    used 10222K, committed 10560K, reserved 1048576K
}
Event: 92.262 GC heap before
{Heap before GC invocations=23 (full 0):
 garbage-first heap   total 75776K, used 66857K [0x0000000082a00000, 0x0000000100000000)
  region size 1024K, 24 young (24576K), 3 survivors (3072K)
 Metaspace       used 76567K, committed 77312K, reserved 1179648K
  class space    used 10231K, committed 10560K, reserved 1048576K
}
Event: 92.268 GC heap after
{Heap after GC invocations=24 (full 0):
 garbage-first heap   total 75776K, used 46153K [0x0000000082a00000, 0x0000000100000000)
  region size 1024K, 2 young (2048K), 2 survivors (2048K)
 Metaspace       used 76567K, committed 77312K, reserved 1179648K
  class space    used 10231K, committed 10560K, reserved 1048576K
}
Event: 94.462 GC heap before
{Heap before GC invocations=25 (full 0):
 garbage-first heap   total 81920K, used 67657K [0x0000000082a00000, 0x0000000100000000)
  region size 1024K, 24 young (24576K), 2 survivors (2048K)
 Metaspace       used 80377K, committed 81088K, reserved 1179648K
  class space    used 10608K, committed 10944K, reserved 1048576K
}
Event: 94.467 GC heap after
{Heap after GC invocations=26 (full 0):
 garbage-first heap   total 81920K, used 47811K [0x0000000082a00000, 0x0000000100000000)
  region size 1024K, 3 young (3072K), 3 survivors (3072K)
 Metaspace       used 80377K, committed 81088K, reserved 1179648K
  class space    used 10608K, committed 10944K, reserved 1048576K
}

